<?xml version="1.0" encoding="UTF-8"?>
<!-- Generated by org.testng.reporters.JUnitReportReporter -->
<testsuite hostname="DESKTOP-TR5ELL5" name="HW3.tests.LoginTests" tests="4" failures="0" timestamp="5 Dec 2016 10:09:35 GMT" time="7.919" errors="0">
  <testcase name="negativeTestWrongLogin" time="1.872" classname="HW3.tests.LoginTests"/>
  <testcase name="negativeTestEmptyFields" time="1.599" classname="HW3.tests.LoginTests"/>
  <testcase name="negativeLoginTest" time="1.608" classname="HW3.tests.LoginTests"/>
  <testcase name="positiveLoginTest" time="2.840" classname="HW3.tests.LoginTests"/>
</testsuite> <!-- HW3.tests.LoginTests -->
