<?xml version="1.0" encoding="UTF-8"?>
<!-- Generated by org.testng.reporters.JUnitReportReporter -->
<testsuite hostname="DESKTOP-TR5ELL5" name="HW3.tests.PositiveLoginTest" tests="1" failures="0" timestamp="2 Dec 2016 13:54:35 GMT" time="0.027" errors="0">
  <testcase name="positiveLoginTest" time="0.027" classname="HW3.tests.PositiveLoginTest"/>
</testsuite> <!-- HW3.tests.PositiveLoginTest -->
