<?xml version="1.0" encoding="UTF-8"?>
<!-- Generated by org.testng.reporters.JUnitReportReporter -->
<testsuite hostname="DESKTOP-TR5ELL5" name="HW3.tests.SearchTest" tests="4" failures="0" timestamp="5 Dec 2016 10:33:07 GMT" time="14.630" errors="0">
  <testcase name="positiveSearchByUsernameTest" time="3.658" classname="HW3.tests.SearchTest"/>
  <testcase name="positiveSearchByLastNameTest" time="3.549" classname="HW3.tests.SearchTest"/>
  <testcase name="positiveSearchByEmailTest" time="4.092" classname="HW3.tests.SearchTest"/>
  <testcase name="positiveSearchByFirstNameTest" time="3.331" classname="HW3.tests.SearchTest"/>
</testsuite> <!-- HW3.tests.SearchTest -->
